0 info it worked if it ends with ok
1 verbose cli [ 'node',
1 verbose cli   '/usr/local/bin/npm',
1 verbose cli   'install',
1 verbose cli   'selenium-webdriver',
1 verbose cli   '-g' ]
2 info using npm@1.4.28
3 info using node@v0.10.36
4 verbose cache add [ 'selenium-webdriver', null ]
5 verbose cache add name=undefined spec="selenium-webdriver" args=["selenium-webdriver",null]
6 verbose parsed url { protocol: null,
6 verbose parsed url   slashes: null,
6 verbose parsed url   auth: null,
6 verbose parsed url   host: null,
6 verbose parsed url   port: null,
6 verbose parsed url   hostname: null,
6 verbose parsed url   hash: null,
6 verbose parsed url   search: null,
6 verbose parsed url   query: null,
6 verbose parsed url   pathname: 'selenium-webdriver',
6 verbose parsed url   path: 'selenium-webdriver',
6 verbose parsed url   href: 'selenium-webdriver' }
7 silly lockFile 2800069c-selenium-webdriver selenium-webdriver
8 verbose lock selenium-webdriver /Users/scott.tolinski/.npm/2800069c-selenium-webdriver.lock
9 silly lockFile 2800069c-selenium-webdriver selenium-webdriver
10 silly lockFile 2800069c-selenium-webdriver selenium-webdriver
11 verbose addNamed [ 'selenium-webdriver', '' ]
12 verbose addNamed [ null, '*' ]
13 silly lockFile 0cf90123-selenium-webdriver selenium-webdriver@
14 verbose lock selenium-webdriver@ /Users/scott.tolinski/.npm/0cf90123-selenium-webdriver.lock
15 silly addNameRange { name: 'selenium-webdriver', range: '*', hasData: false }
16 verbose request where is /selenium-webdriver
17 verbose request registry https://registry.npmjs.org/
18 verbose request id bcc88732aa615f6f
19 verbose url raw /selenium-webdriver
20 verbose url resolving [ 'https://registry.npmjs.org/', './selenium-webdriver' ]
21 verbose url resolved https://registry.npmjs.org/selenium-webdriver
22 verbose request where is https://registry.npmjs.org/selenium-webdriver
23 info trying registry request attempt 1 at 11:54:49
24 verbose etag "AZHNN6SUU0YOPIF5P4GJM0DFB"
25 http GET https://registry.npmjs.org/selenium-webdriver
26 http 304 https://registry.npmjs.org/selenium-webdriver
27 silly registry.get cb [ 304,
27 silly registry.get   { date: 'Sat, 14 Feb 2015 16:54:50 GMT',
27 silly registry.get     server: 'Apache',
27 silly registry.get     via: '1.1 varnish',
27 silly registry.get     'last-modified': 'Sat, 14 Feb 2015 16:54:50 GMT',
27 silly registry.get     'cache-control': 'max-age=60',
27 silly registry.get     etag: '"AZHNN6SUU0YOPIF5P4GJM0DFB"',
27 silly registry.get     age: '0',
27 silly registry.get     'x-served-by': 'cache-dfw1821-DFW',
27 silly registry.get     'x-cache': 'HIT',
27 silly registry.get     'x-cache-hits': '1',
27 silly registry.get     'x-timer': 'S1423932890.291388,VS0,VE42',
27 silly registry.get     vary: 'Accept',
27 silly registry.get     'content-length': '0',
27 silly registry.get     'keep-alive': 'timeout=10, max=50',
27 silly registry.get     connection: 'Keep-Alive' } ]
28 verbose etag https://registry.npmjs.org/selenium-webdriver from cache
29 silly addNameRange number 2 { name: 'selenium-webdriver', range: '*', hasData: true }
30 silly addNameRange versions [ 'selenium-webdriver',
30 silly addNameRange   [ '2.29.0',
30 silly addNameRange     '2.29.1',
30 silly addNameRange     '2.30.0',
30 silly addNameRange     '2.31.0',
30 silly addNameRange     '2.32.0',
30 silly addNameRange     '2.32.1',
30 silly addNameRange     '2.33.0',
30 silly addNameRange     '2.34.0',
30 silly addNameRange     '2.34.1',
30 silly addNameRange     '2.35.0',
30 silly addNameRange     '2.35.1',
30 silly addNameRange     '2.35.2',
30 silly addNameRange     '2.37.0',
30 silly addNameRange     '2.38.0',
30 silly addNameRange     '2.38.1',
30 silly addNameRange     '2.39.0',
30 silly addNameRange     '2.40.0',
30 silly addNameRange     '2.41.0',
30 silly addNameRange     '2.42.0',
30 silly addNameRange     '2.42.1',
30 silly addNameRange     '2.43.1',
30 silly addNameRange     '2.43.2',
30 silly addNameRange     '2.43.3',
30 silly addNameRange     '2.43.4',
30 silly addNameRange     '2.43.5',
30 silly addNameRange     '2.44.0' ] ]
31 verbose addNamed [ 'selenium-webdriver', '2.44.0' ]
32 verbose addNamed [ '2.44.0', '2.44.0' ]
33 silly lockFile 6dbf4ca5-selenium-webdriver-2-44-0 selenium-webdriver@2.44.0
34 verbose lock selenium-webdriver@2.44.0 /Users/scott.tolinski/.npm/6dbf4ca5-selenium-webdriver-2-44-0.lock
35 silly lockFile 6dbf4ca5-selenium-webdriver-2-44-0 selenium-webdriver@2.44.0
36 silly lockFile 6dbf4ca5-selenium-webdriver-2-44-0 selenium-webdriver@2.44.0
37 silly lockFile 0cf90123-selenium-webdriver selenium-webdriver@
38 silly lockFile 0cf90123-selenium-webdriver selenium-webdriver@
39 silly resolved [ { name: 'selenium-webdriver',
39 silly resolved     version: '2.44.0',
39 silly resolved     description: 'The official WebDriver JavaScript bindings from the Selenium project',
39 silly resolved     keywords: [ 'automation', 'selenium', 'testing', 'webdriver', 'webdriverjs' ],
39 silly resolved     homepage: 'https://code.google.com/p/selenium/',
39 silly resolved     bugs: { url: 'https://code.google.com/p/selenium/issues/list' },
39 silly resolved     main: './index',
39 silly resolved     repository: { type: 'git', url: 'https://code.google.com/p/selenium/' },
39 silly resolved     engines: { node: '>= 0.8.x' },
39 silly resolved     dependencies: { 'adm-zip': '0.4.4', tmp: '0.0.24', xml2js: '0.4.4' },
39 silly resolved     devDependencies: { mocha: '~1.10.0' },
39 silly resolved     scripts: { test: 'mocha --harmony -t 600000 --recursive test' },
39 silly resolved     _id: 'selenium-webdriver@2.44.0',
39 silly resolved     _shasum: '6cc6257731cd27c6db6471092857755f99d77b57',
39 silly resolved     _from: 'selenium-webdriver@',
39 silly resolved     _npmVersion: '1.4.23',
39 silly resolved     _npmUser: { name: 'jmleyba', email: 'jmleyba@gmail.com' },
39 silly resolved     maintainers: [ [Object] ],
39 silly resolved     dist:
39 silly resolved      { shasum: '6cc6257731cd27c6db6471092857755f99d77b57',
39 silly resolved        tarball: 'http://registry.npmjs.org/selenium-webdriver/-/selenium-webdriver-2.44.0.tgz' },
39 silly resolved     directories: {},
39 silly resolved     _resolved: 'https://registry.npmjs.org/selenium-webdriver/-/selenium-webdriver-2.44.0.tgz',
39 silly resolved     readme: 'ERROR: No README data found!' } ]
40 info install selenium-webdriver@2.44.0 into /usr/local/lib
41 info installOne selenium-webdriver@2.44.0
42 verbose lib/node_modules/selenium-webdriver unbuild
43 verbose tar unpack /Users/scott.tolinski/.npm/selenium-webdriver/2.44.0/package.tgz
44 silly lockFile 6d1a73b8--node-modules-selenium-webdriver tar:///usr/local/lib/node_modules/selenium-webdriver
45 verbose lock tar:///usr/local/lib/node_modules/selenium-webdriver /Users/scott.tolinski/.npm/6d1a73b8--node-modules-selenium-webdriver.lock
46 silly lockFile 9dd2b94b-ium-webdriver-2-44-0-package-tgz tar:///Users/scott.tolinski/.npm/selenium-webdriver/2.44.0/package.tgz
47 verbose lock tar:///Users/scott.tolinski/.npm/selenium-webdriver/2.44.0/package.tgz /Users/scott.tolinski/.npm/9dd2b94b-ium-webdriver-2-44-0-package-tgz.lock
48 silly gunzTarPerm modes [ '755', '644' ]
49 error Error: EACCES, mkdir '/usr/local/lib/node_modules/selenium-webdriver'
49 error  { [Error: EACCES, mkdir '/usr/local/lib/node_modules/selenium-webdriver']
49 error   errno: 3,
49 error   code: 'EACCES',
49 error   path: '/usr/local/lib/node_modules/selenium-webdriver',
49 error   fstream_type: 'Directory',
49 error   fstream_path: '/usr/local/lib/node_modules/selenium-webdriver',
49 error   fstream_class: 'DirWriter',
49 error   fstream_stack:
49 error    [ '/usr/local/lib/node_modules/npm/node_modules/fstream/lib/dir-writer.js:36:23',
49 error      '/usr/local/lib/node_modules/npm/node_modules/mkdirp/index.js:46:53',
49 error      'Object.oncomplete (fs.js:108:15)' ] }
50 error Please try running this command again as root/Administrator.
51 error System Darwin 13.4.0
52 error command "node" "/usr/local/bin/npm" "install" "selenium-webdriver" "-g"
53 error cwd /Users/scott.tolinski/Sites/personal/queue
54 error node -v v0.10.36
55 error npm -v 1.4.28
56 error path /usr/local/lib/node_modules/selenium-webdriver
57 error fstream_path /usr/local/lib/node_modules/selenium-webdriver
58 error fstream_type Directory
59 error fstream_class DirWriter
60 error code EACCES
61 error errno 3
62 error stack Error: EACCES, mkdir '/usr/local/lib/node_modules/selenium-webdriver'
63 error fstream_stack /usr/local/lib/node_modules/npm/node_modules/fstream/lib/dir-writer.js:36:23
63 error fstream_stack /usr/local/lib/node_modules/npm/node_modules/mkdirp/index.js:46:53
63 error fstream_stack Object.oncomplete (fs.js:108:15)
64 verbose exit [ 3, true ]
